2017-07-31 17:15:01,543 [Worker-13] INFO  o.e.m.c.i.l.LifecycleMappingFactory - Using org.eclipse.m2e.jdt.JarLifecycleMapping lifecycle mapping for MavenProject: translateit2:trial4:0.1.0 @ D:\sw-tools\STS\translateit2testi\TranslateIT2v4\pom.xml.
2017-07-31 17:15:02,426 [Worker-13] INFO  o.e.m.c.i.l.LifecycleMappingFactory - Using org.maven.ide.eclipse.wtp.WarLifecycleMapping lifecycle mapping for MavenProject: translate.it2:version1:1.0.0-BUILD-SNAPSHOT @ D:\sw-tools\STS\translateit2testi\TranslateIT2v4\translateIT2v1\translateIT2_v1\pom.xml.
2017-07-31 17:15:02,807 [Worker-7] INFO  o.e.m.c.i.l.LifecycleMappingFactory - Using org.eclipse.m2e.jdt.JarLifecycleMapping lifecycle mapping for MavenProject: translateit2:trial4:0.1.0 @ D:\sw-tools\STS\translateit2testi\TranslateIT2v4\pom.xml.
2017-07-31 17:15:04,068 [Worker-7] INFO  o.e.m.c.i.embedder.EclipseLogger - Using 'UTF-8' encoding to copy filtered resources.
2017-07-31 17:15:04,071 [Worker-7] INFO  o.e.m.c.i.embedder.EclipseLogger - Copying 3 resources
2017-07-31 17:15:04,081 [Worker-7] INFO  o.e.m.c.i.embedder.EclipseLogger - Copying 17 resources
2017-07-31 17:15:04,340 [Worker-7] INFO  o.e.m.c.i.embedder.EclipseLogger - Using 'UTF-8' encoding to copy filtered resources.
2017-07-31 17:15:04,340 [Worker-7] INFO  o.e.m.c.i.embedder.EclipseLogger - skip non existing resourceDirectory D:\sw-tools\STS\translateit2testi\TranslateIT2v4\src\test\resources
2017-07-31 17:15:06,412 [Worker-11] INFO  o.e.m.c.i.embedder.EclipseLogger - Using 'UTF-8' encoding to copy filtered resources.
2017-07-31 17:15:06,413 [Worker-11] INFO  o.e.m.c.i.embedder.EclipseLogger - Copying 3 resources
2017-07-31 17:15:06,415 [Worker-11] INFO  o.e.m.c.i.embedder.EclipseLogger - Copying 17 resources
2017-07-31 17:15:06,436 [Worker-11] INFO  o.e.m.c.i.embedder.EclipseLogger - Using 'UTF-8' encoding to copy filtered resources.
2017-07-31 17:15:06,436 [Worker-11] INFO  o.e.m.c.i.embedder.EclipseLogger - skip non existing resourceDirectory D:\sw-tools\STS\translateit2testi\TranslateIT2v4\src\test\resources
2017-07-31 17:15:07,114 [Worker-6] INFO  o.e.m.c.i.embedder.EclipseLogger - Using 'UTF-8' encoding to copy filtered resources.
2017-07-31 17:15:07,114 [Worker-6] INFO  o.e.m.c.i.embedder.EclipseLogger - Copying 3 resources
2017-07-31 17:15:07,116 [Worker-6] INFO  o.e.m.c.i.embedder.EclipseLogger - Copying 17 resources
2017-07-31 17:15:07,133 [Worker-6] INFO  o.e.m.c.i.embedder.EclipseLogger - Using 'UTF-8' encoding to copy filtered resources.
2017-07-31 17:15:07,133 [Worker-6] INFO  o.e.m.c.i.embedder.EclipseLogger - skip non existing resourceDirectory D:\sw-tools\STS\translateit2testi\TranslateIT2v4\src\test\resources
2017-07-31 17:15:18,166 [Worker-0] INFO  o.e.m.c.i.embedder.EclipseLogger - Using 'UTF-8' encoding to copy filtered resources.
2017-07-31 17:15:18,167 [Worker-0] INFO  o.e.m.c.i.embedder.EclipseLogger - Copying 3 resources
2017-07-31 17:15:18,170 [Worker-0] INFO  o.e.m.c.i.embedder.EclipseLogger - Copying 17 resources
2017-07-31 17:15:18,191 [Worker-0] INFO  o.e.m.c.i.embedder.EclipseLogger - Using 'UTF-8' encoding to copy filtered resources.
2017-07-31 17:15:18,191 [Worker-0] INFO  o.e.m.c.i.embedder.EclipseLogger - skip non existing resourceDirectory D:\sw-tools\STS\translateit2testi\TranslateIT2v4\src\test\resources
2017-07-31 17:15:19,718 [Worker-16] INFO  o.e.m.c.i.l.LifecycleMappingFactory - Using org.eclipse.m2e.jdt.JarLifecycleMapping lifecycle mapping for MavenProject: translateit2:trial4:0.1.0 @ D:\sw-tools\STS\translateit2testi\TranslateIT2v4\pom.xml.
2017-07-31 17:15:20,072 [Worker-16] INFO  o.e.m.c.i.l.LifecycleMappingFactory - Using org.maven.ide.eclipse.wtp.WarLifecycleMapping lifecycle mapping for MavenProject: translate.it2:version1:1.0.0-BUILD-SNAPSHOT @ D:\sw-tools\STS\translateit2testi\TranslateIT2v4\translateIT2v1\translateIT2_v1\pom.xml.
2017-07-31 17:15:21,765 [Worker-2] INFO  o.e.m.c.i.embedder.EclipseLogger - Using 'UTF-8' encoding to copy filtered resources.
2017-07-31 17:15:21,766 [Worker-2] INFO  o.e.m.c.i.embedder.EclipseLogger - Copying 0 resource
2017-07-31 17:15:21,766 [Worker-2] INFO  o.e.m.c.i.embedder.EclipseLogger - Copying 0 resource
2017-07-31 17:15:21,768 [Worker-2] INFO  o.e.m.c.i.embedder.EclipseLogger - Using 'UTF-8' encoding to copy filtered resources.
2017-07-31 17:15:21,768 [Worker-2] INFO  o.e.m.c.i.embedder.EclipseLogger - skip non existing resourceDirectory D:\sw-tools\STS\translateit2testi\TranslateIT2v4\src\test\resources
2017-07-31 17:15:22,496 [Worker-2] WARN  o.e.m.c.i.embedder.EclipseLogger - Using platform encoding (Cp1252 actually) to copy filtered resources, i.e. build is platform dependent!
2017-07-31 17:15:22,498 [Worker-2] INFO  o.e.m.c.i.embedder.EclipseLogger - Copying 1 resource
2017-07-31 17:15:22,524 [Worker-2] WARN  o.e.m.c.i.embedder.EclipseLogger - Using platform encoding (Cp1252 actually) to copy filtered resources, i.e. build is platform dependent!
2017-07-31 17:15:22,525 [Worker-2] INFO  o.e.m.c.i.embedder.EclipseLogger - Copying 1 resource
2017-07-31 17:15:25,120 [Worker-3] INFO  o.e.m.c.i.embedder.EclipseLogger - Using 'UTF-8' encoding to copy filtered resources.
2017-07-31 17:15:25,120 [Worker-3] INFO  o.e.m.c.i.embedder.EclipseLogger - Copying 0 resource
2017-07-31 17:15:25,120 [Worker-3] INFO  o.e.m.c.i.embedder.EclipseLogger - Copying 0 resource
2017-07-31 17:15:25,122 [Worker-3] INFO  o.e.m.c.i.embedder.EclipseLogger - Using 'UTF-8' encoding to copy filtered resources.
2017-07-31 17:15:25,123 [Worker-3] INFO  o.e.m.c.i.embedder.EclipseLogger - skip non existing resourceDirectory D:\sw-tools\STS\translateit2testi\TranslateIT2v4\src\test\resources
2017-07-31 17:15:53,916 [Worker-19] INFO  o.e.m.c.i.embedder.EclipseLogger - Using 'UTF-8' encoding to copy filtered resources.
2017-07-31 17:15:53,916 [Worker-19] INFO  o.e.m.c.i.embedder.EclipseLogger - Copying 0 resource
2017-07-31 17:15:53,916 [Worker-19] INFO  o.e.m.c.i.embedder.EclipseLogger - Copying 0 resource
2017-07-31 17:15:53,918 [Worker-19] INFO  o.e.m.c.i.embedder.EclipseLogger - Using 'UTF-8' encoding to copy filtered resources.
2017-07-31 17:15:53,918 [Worker-19] INFO  o.e.m.c.i.embedder.EclipseLogger - skip non existing resourceDirectory D:\sw-tools\STS\translateit2testi\TranslateIT2v4\src\test\resources
2017-07-31 17:15:53,927 [Worker-19] WARN  o.e.m.c.i.embedder.EclipseLogger - Using platform encoding (Cp1252 actually) to copy filtered resources, i.e. build is platform dependent!
2017-07-31 17:15:53,929 [Worker-19] INFO  o.e.m.c.i.embedder.EclipseLogger - Copying 0 resource
2017-07-31 17:15:53,930 [Worker-19] WARN  o.e.m.c.i.embedder.EclipseLogger - Using platform encoding (Cp1252 actually) to copy filtered resources, i.e. build is platform dependent!
2017-07-31 17:15:53,931 [Worker-19] INFO  o.e.m.c.i.embedder.EclipseLogger - Copying 0 resource
2017-07-31 17:19:27,088 [Worker-1] INFO  o.e.m.c.i.embedder.EclipseLogger - Using 'UTF-8' encoding to copy filtered resources.
2017-07-31 17:19:27,090 [Worker-1] INFO  o.e.m.c.i.embedder.EclipseLogger - Copying 3 resources
2017-07-31 17:19:27,101 [Worker-1] INFO  o.e.m.c.i.embedder.EclipseLogger - Copying 17 resources
2017-07-31 17:19:27,103 [Worker-1] INFO  o.e.m.c.i.embedder.EclipseLogger - Using 'UTF-8' encoding to copy filtered resources.
2017-07-31 17:19:27,104 [Worker-1] INFO  o.e.m.c.i.embedder.EclipseLogger - skip non existing resourceDirectory D:\sw-tools\STS\translateit2testi\TranslateIT2v4\src\test\resources
2017-08-01 08:24:17,360 [Worker-15] INFO  o.e.m.c.i.embedder.EclipseLogger - Using 'UTF-8' encoding to copy filtered resources.
2017-08-01 08:24:17,365 [Worker-15] INFO  o.e.m.c.i.embedder.EclipseLogger - Copying 3 resources
2017-08-01 08:24:17,394 [Worker-15] INFO  o.e.m.c.i.embedder.EclipseLogger - Copying 17 resources
2017-08-01 08:24:17,608 [Worker-15] INFO  o.e.m.c.i.embedder.EclipseLogger - Using 'UTF-8' encoding to copy filtered resources.
2017-08-01 08:24:17,609 [Worker-15] INFO  o.e.m.c.i.embedder.EclipseLogger - skip non existing resourceDirectory D:\sw-tools\STS\translateit2testi\TranslateIT2v4\src\test\resources
2017-08-01 08:24:21,710 [Worker-10] INFO  o.e.m.c.i.embedder.EclipseLogger - Using 'UTF-8' encoding to copy filtered resources.
2017-08-01 08:24:21,712 [Worker-10] INFO  o.e.m.c.i.embedder.EclipseLogger - Copying 0 resource
2017-08-01 08:24:21,712 [Worker-10] INFO  o.e.m.c.i.embedder.EclipseLogger - Copying 0 resource
2017-08-01 08:24:21,714 [Worker-10] INFO  o.e.m.c.i.embedder.EclipseLogger - Using 'UTF-8' encoding to copy filtered resources.
2017-08-01 08:24:21,714 [Worker-10] INFO  o.e.m.c.i.embedder.EclipseLogger - skip non existing resourceDirectory D:\sw-tools\STS\translateit2testi\TranslateIT2v4\src\test\resources
2017-08-01 08:24:23,536 [Worker-10] WARN  o.e.m.c.i.embedder.EclipseLogger - Using platform encoding (Cp1252 actually) to copy filtered resources, i.e. build is platform dependent!
2017-08-01 08:24:23,537 [Worker-10] INFO  o.e.m.c.i.embedder.EclipseLogger - Copying 1 resource
2017-08-01 08:24:23,539 [Worker-10] WARN  o.e.m.c.i.embedder.EclipseLogger - Using platform encoding (Cp1252 actually) to copy filtered resources, i.e. build is platform dependent!
2017-08-01 08:24:23,540 [Worker-10] INFO  o.e.m.c.i.embedder.EclipseLogger - Copying 1 resource
2017-08-01 08:24:25,753 [Worker-10] INFO  o.e.m.c.i.embedder.EclipseLogger - Using 'UTF-8' encoding to copy filtered resources.
2017-08-01 08:24:25,754 [Worker-10] INFO  o.e.m.c.i.embedder.EclipseLogger - Copying 0 resource
2017-08-01 08:24:25,754 [Worker-10] INFO  o.e.m.c.i.embedder.EclipseLogger - Copying 0 resource
2017-08-01 08:24:25,757 [Worker-10] INFO  o.e.m.c.i.embedder.EclipseLogger - Using 'UTF-8' encoding to copy filtered resources.
2017-08-01 08:24:25,757 [Worker-10] INFO  o.e.m.c.i.embedder.EclipseLogger - skip non existing resourceDirectory D:\sw-tools\STS\translateit2testi\TranslateIT2v4\src\test\resources
2017-08-01 08:34:23,077 [Worker-21] INFO  o.e.m.c.i.embedder.EclipseLogger - Using 'UTF-8' encoding to copy filtered resources.
2017-08-01 08:34:23,079 [Worker-21] INFO  o.e.m.c.i.embedder.EclipseLogger - Copying 3 resources
2017-08-01 08:34:23,082 [Worker-21] INFO  o.e.m.c.i.embedder.EclipseLogger - Copying 17 resources
2017-08-01 08:34:23,084 [Worker-21] INFO  o.e.m.c.i.embedder.EclipseLogger - Using 'UTF-8' encoding to copy filtered resources.
2017-08-01 08:34:23,085 [Worker-21] INFO  o.e.m.c.i.embedder.EclipseLogger - skip non existing resourceDirectory D:\sw-tools\STS\translateit2testi\TranslateIT2v4\src\test\resources
2017-08-01 08:36:28,973 [Worker-20] INFO  o.e.m.c.i.embedder.EclipseLogger - Using 'UTF-8' encoding to copy filtered resources.
2017-08-01 08:36:28,974 [Worker-20] INFO  o.e.m.c.i.embedder.EclipseLogger - Copying 3 resources
2017-08-01 08:36:28,978 [Worker-20] INFO  o.e.m.c.i.embedder.EclipseLogger - Copying 17 resources
2017-08-01 08:36:28,982 [Worker-20] INFO  o.e.m.c.i.embedder.EclipseLogger - Using 'UTF-8' encoding to copy filtered resources.
2017-08-01 08:36:28,982 [Worker-20] INFO  o.e.m.c.i.embedder.EclipseLogger - skip non existing resourceDirectory D:\sw-tools\STS\translateit2testi\TranslateIT2v4\src\test\resources
2017-08-01 08:45:37,811 [Worker-27] INFO  o.e.m.c.i.embedder.EclipseLogger - Using 'UTF-8' encoding to copy filtered resources.
2017-08-01 08:45:37,813 [Worker-27] INFO  o.e.m.c.i.embedder.EclipseLogger - Copying 3 resources
2017-08-01 08:45:37,817 [Worker-27] INFO  o.e.m.c.i.embedder.EclipseLogger - Copying 17 resources
2017-08-01 08:45:37,821 [Worker-27] INFO  o.e.m.c.i.embedder.EclipseLogger - Using 'UTF-8' encoding to copy filtered resources.
2017-08-01 08:45:37,821 [Worker-27] INFO  o.e.m.c.i.embedder.EclipseLogger - skip non existing resourceDirectory D:\sw-tools\STS\translateit2testi\TranslateIT2v4\src\test\resources
2017-08-01 08:46:10,182 [Worker-27] INFO  o.e.m.c.i.embedder.EclipseLogger - Using 'UTF-8' encoding to copy filtered resources.
2017-08-01 08:46:10,183 [Worker-27] INFO  o.e.m.c.i.embedder.EclipseLogger - Copying 3 resources
2017-08-01 08:46:10,186 [Worker-27] INFO  o.e.m.c.i.embedder.EclipseLogger - Copying 17 resources
2017-08-01 08:46:10,191 [Worker-27] INFO  o.e.m.c.i.embedder.EclipseLogger - Using 'UTF-8' encoding to copy filtered resources.
2017-08-01 08:46:10,191 [Worker-27] INFO  o.e.m.c.i.embedder.EclipseLogger - skip non existing resourceDirectory D:\sw-tools\STS\translateit2testi\TranslateIT2v4\src\test\resources
2017-08-01 08:51:52,661 [Worker-28] INFO  o.e.m.c.i.embedder.EclipseLogger - Using 'UTF-8' encoding to copy filtered resources.
2017-08-01 08:51:52,662 [Worker-28] INFO  o.e.m.c.i.embedder.EclipseLogger - Copying 3 resources
2017-08-01 08:51:52,666 [Worker-28] INFO  o.e.m.c.i.embedder.EclipseLogger - Copying 17 resources
2017-08-01 08:51:52,670 [Worker-28] INFO  o.e.m.c.i.embedder.EclipseLogger - Using 'UTF-8' encoding to copy filtered resources.
2017-08-01 08:51:52,671 [Worker-28] INFO  o.e.m.c.i.embedder.EclipseLogger - skip non existing resourceDirectory D:\sw-tools\STS\translateit2testi\TranslateIT2v4\src\test\resources
2017-08-01 09:01:16,866 [Worker-30] INFO  o.e.m.c.i.embedder.EclipseLogger - Using 'UTF-8' encoding to copy filtered resources.
2017-08-01 09:01:16,867 [Worker-30] INFO  o.e.m.c.i.embedder.EclipseLogger - Copying 3 resources
2017-08-01 09:01:16,870 [Worker-30] INFO  o.e.m.c.i.embedder.EclipseLogger - Copying 17 resources
2017-08-01 09:01:16,873 [Worker-30] INFO  o.e.m.c.i.embedder.EclipseLogger - Using 'UTF-8' encoding to copy filtered resources.
2017-08-01 09:01:16,873 [Worker-30] INFO  o.e.m.c.i.embedder.EclipseLogger - skip non existing resourceDirectory D:\sw-tools\STS\translateit2testi\TranslateIT2v4\src\test\resources
2017-08-01 09:13:20,682 [Worker-43] INFO  o.e.m.c.i.embedder.EclipseLogger - Using 'UTF-8' encoding to copy filtered resources.
2017-08-01 09:13:20,683 [Worker-43] INFO  o.e.m.c.i.embedder.EclipseLogger - Copying 3 resources
2017-08-01 09:13:20,686 [Worker-43] INFO  o.e.m.c.i.embedder.EclipseLogger - Copying 17 resources
2017-08-01 09:13:20,689 [Worker-43] INFO  o.e.m.c.i.embedder.EclipseLogger - Using 'UTF-8' encoding to copy filtered resources.
2017-08-01 09:13:20,689 [Worker-43] INFO  o.e.m.c.i.embedder.EclipseLogger - skip non existing resourceDirectory D:\sw-tools\STS\translateit2testi\TranslateIT2v4\src\test\resources
2017-08-01 09:20:58,332 [Worker-54] INFO  o.e.m.c.i.embedder.EclipseLogger - Using 'UTF-8' encoding to copy filtered resources.
2017-08-01 09:20:58,333 [Worker-54] INFO  o.e.m.c.i.embedder.EclipseLogger - Copying 3 resources
2017-08-01 09:20:58,335 [Worker-54] INFO  o.e.m.c.i.embedder.EclipseLogger - Copying 17 resources
2017-08-01 09:20:58,338 [Worker-54] INFO  o.e.m.c.i.embedder.EclipseLogger - Using 'UTF-8' encoding to copy filtered resources.
2017-08-01 09:20:58,338 [Worker-54] INFO  o.e.m.c.i.embedder.EclipseLogger - skip non existing resourceDirectory D:\sw-tools\STS\translateit2testi\TranslateIT2v4\src\test\resources
2017-08-01 09:21:25,035 [Worker-56] INFO  o.e.m.c.i.embedder.EclipseLogger - Using 'UTF-8' encoding to copy filtered resources.
2017-08-01 09:21:25,036 [Worker-56] INFO  o.e.m.c.i.embedder.EclipseLogger - Copying 3 resources
2017-08-01 09:21:25,038 [Worker-56] INFO  o.e.m.c.i.embedder.EclipseLogger - Copying 17 resources
2017-08-01 09:21:25,040 [Worker-56] INFO  o.e.m.c.i.embedder.EclipseLogger - Using 'UTF-8' encoding to copy filtered resources.
2017-08-01 09:21:25,040 [Worker-56] INFO  o.e.m.c.i.embedder.EclipseLogger - skip non existing resourceDirectory D:\sw-tools\STS\translateit2testi\TranslateIT2v4\src\test\resources
2017-08-01 09:22:09,555 [Worker-51] INFO  o.e.m.c.i.embedder.EclipseLogger - Using 'UTF-8' encoding to copy filtered resources.
2017-08-01 09:22:09,556 [Worker-51] INFO  o.e.m.c.i.embedder.EclipseLogger - Copying 3 resources
2017-08-01 09:22:09,558 [Worker-51] INFO  o.e.m.c.i.embedder.EclipseLogger - Copying 17 resources
2017-08-01 09:22:09,560 [Worker-51] INFO  o.e.m.c.i.embedder.EclipseLogger - Using 'UTF-8' encoding to copy filtered resources.
2017-08-01 09:22:09,560 [Worker-51] INFO  o.e.m.c.i.embedder.EclipseLogger - skip non existing resourceDirectory D:\sw-tools\STS\translateit2testi\TranslateIT2v4\src\test\resources
2017-08-01 09:24:54,939 [Worker-52] INFO  o.e.m.c.i.embedder.EclipseLogger - Using 'UTF-8' encoding to copy filtered resources.
2017-08-01 09:24:54,939 [Worker-52] INFO  o.e.m.c.i.embedder.EclipseLogger - Copying 0 resource
2017-08-01 09:24:54,939 [Worker-52] INFO  o.e.m.c.i.embedder.EclipseLogger - Copying 0 resource
2017-08-01 09:24:54,939 [Worker-52] INFO  o.e.m.c.i.embedder.EclipseLogger - Using 'UTF-8' encoding to copy filtered resources.
2017-08-01 09:24:54,939 [Worker-52] INFO  o.e.m.c.i.embedder.EclipseLogger - skip non existing resourceDirectory D:\sw-tools\STS\translateit2testi\TranslateIT2v4\src\test\resources
2017-08-01 09:25:06,204 [Worker-62] INFO  o.e.m.c.i.embedder.EclipseLogger - Using 'UTF-8' encoding to copy filtered resources.
2017-08-01 09:25:06,204 [Worker-62] INFO  o.e.m.c.i.embedder.EclipseLogger - Copying 0 resource
2017-08-01 09:25:06,204 [Worker-62] INFO  o.e.m.c.i.embedder.EclipseLogger - Copying 0 resource
2017-08-01 09:25:06,204 [Worker-62] INFO  o.e.m.c.i.embedder.EclipseLogger - Using 'UTF-8' encoding to copy filtered resources.
2017-08-01 09:25:06,204 [Worker-62] INFO  o.e.m.c.i.embedder.EclipseLogger - skip non existing resourceDirectory D:\sw-tools\STS\translateit2testi\TranslateIT2v4\src\test\resources
2017-08-01 09:26:49,101 [Worker-65] INFO  o.e.m.c.i.embedder.EclipseLogger - Using 'UTF-8' encoding to copy filtered resources.
2017-08-01 09:26:49,101 [Worker-65] INFO  o.e.m.c.i.embedder.EclipseLogger - Copying 0 resource
2017-08-01 09:26:49,101 [Worker-65] INFO  o.e.m.c.i.embedder.EclipseLogger - Copying 0 resource
2017-08-01 09:26:49,101 [Worker-65] INFO  o.e.m.c.i.embedder.EclipseLogger - Using 'UTF-8' encoding to copy filtered resources.
2017-08-01 09:26:49,101 [Worker-65] INFO  o.e.m.c.i.embedder.EclipseLogger - skip non existing resourceDirectory D:\sw-tools\STS\translateit2testi\TranslateIT2v4\src\test\resources
2017-08-01 09:27:22,941 [Worker-62] INFO  o.e.m.c.i.embedder.EclipseLogger - Using 'UTF-8' encoding to copy filtered resources.
2017-08-01 09:27:22,941 [Worker-62] INFO  o.e.m.c.i.embedder.EclipseLogger - Copying 0 resource
2017-08-01 09:27:22,941 [Worker-62] INFO  o.e.m.c.i.embedder.EclipseLogger - Copying 0 resource
2017-08-01 09:27:22,941 [Worker-62] INFO  o.e.m.c.i.embedder.EclipseLogger - Using 'UTF-8' encoding to copy filtered resources.
2017-08-01 09:27:22,941 [Worker-62] INFO  o.e.m.c.i.embedder.EclipseLogger - skip non existing resourceDirectory D:\sw-tools\STS\translateit2testi\TranslateIT2v4\src\test\resources
2017-08-01 09:31:47,234 [Worker-59] INFO  o.e.m.c.i.embedder.EclipseLogger - Using 'UTF-8' encoding to copy filtered resources.
2017-08-01 09:31:47,234 [Worker-59] INFO  o.e.m.c.i.embedder.EclipseLogger - Copying 3 resources
2017-08-01 09:31:47,234 [Worker-59] INFO  o.e.m.c.i.embedder.EclipseLogger - Copying 17 resources
2017-08-01 09:31:47,234 [Worker-59] INFO  o.e.m.c.i.embedder.EclipseLogger - Using 'UTF-8' encoding to copy filtered resources.
2017-08-01 09:31:47,234 [Worker-59] INFO  o.e.m.c.i.embedder.EclipseLogger - skip non existing resourceDirectory D:\sw-tools\STS\translateit2testi\TranslateIT2v4\src\test\resources
2017-08-01 09:32:46,016 [Worker-71] INFO  o.e.m.c.i.embedder.EclipseLogger - Using 'UTF-8' encoding to copy filtered resources.
2017-08-01 09:32:46,016 [Worker-71] INFO  o.e.m.c.i.embedder.EclipseLogger - Copying 3 resources
2017-08-01 09:32:46,016 [Worker-71] INFO  o.e.m.c.i.embedder.EclipseLogger - Copying 17 resources
2017-08-01 09:32:46,016 [Worker-71] INFO  o.e.m.c.i.embedder.EclipseLogger - Using 'UTF-8' encoding to copy filtered resources.
2017-08-01 09:32:46,016 [Worker-71] INFO  o.e.m.c.i.embedder.EclipseLogger - skip non existing resourceDirectory D:\sw-tools\STS\translateit2testi\TranslateIT2v4\src\test\resources
2017-08-01 09:33:20,889 [Worker-61] INFO  o.e.m.c.i.embedder.EclipseLogger - Using 'UTF-8' encoding to copy filtered resources.
2017-08-01 09:33:20,889 [Worker-61] INFO  o.e.m.c.i.embedder.EclipseLogger - Copying 3 resources
2017-08-01 09:33:20,889 [Worker-61] INFO  o.e.m.c.i.embedder.EclipseLogger - Copying 17 resources
2017-08-01 09:33:20,889 [Worker-61] INFO  o.e.m.c.i.embedder.EclipseLogger - Using 'UTF-8' encoding to copy filtered resources.
2017-08-01 09:33:20,889 [Worker-61] INFO  o.e.m.c.i.embedder.EclipseLogger - skip non existing resourceDirectory D:\sw-tools\STS\translateit2testi\TranslateIT2v4\src\test\resources
2017-08-01 09:37:06,917 [Worker-61] INFO  o.e.m.c.i.embedder.EclipseLogger - Using 'UTF-8' encoding to copy filtered resources.
2017-08-01 09:37:06,917 [Worker-61] INFO  o.e.m.c.i.embedder.EclipseLogger - Copying 3 resources
2017-08-01 09:37:06,933 [Worker-61] INFO  o.e.m.c.i.embedder.EclipseLogger - Copying 17 resources
2017-08-01 09:37:06,933 [Worker-61] INFO  o.e.m.c.i.embedder.EclipseLogger - Using 'UTF-8' encoding to copy filtered resources.
2017-08-01 09:37:06,933 [Worker-61] INFO  o.e.m.c.i.embedder.EclipseLogger - skip non existing resourceDirectory D:\sw-tools\STS\translateit2testi\TranslateIT2v4\src\test\resources
2017-08-01 09:40:53,851 [Worker-65] INFO  o.e.m.c.i.embedder.EclipseLogger - Using 'UTF-8' encoding to copy filtered resources.
2017-08-01 09:40:53,851 [Worker-65] INFO  o.e.m.c.i.embedder.EclipseLogger - Copying 3 resources
2017-08-01 09:40:53,851 [Worker-65] INFO  o.e.m.c.i.embedder.EclipseLogger - Copying 17 resources
2017-08-01 09:40:53,851 [Worker-65] INFO  o.e.m.c.i.embedder.EclipseLogger - Using 'UTF-8' encoding to copy filtered resources.
2017-08-01 09:40:53,851 [Worker-65] INFO  o.e.m.c.i.embedder.EclipseLogger - skip non existing resourceDirectory D:\sw-tools\STS\translateit2testi\TranslateIT2v4\src\test\resources
2017-08-01 09:41:21,761 [Worker-77] INFO  o.e.m.c.i.embedder.EclipseLogger - Using 'UTF-8' encoding to copy filtered resources.
2017-08-01 09:41:21,761 [Worker-77] INFO  o.e.m.c.i.embedder.EclipseLogger - Copying 3 resources
2017-08-01 09:41:21,761 [Worker-77] INFO  o.e.m.c.i.embedder.EclipseLogger - Copying 17 resources
2017-08-01 09:41:21,761 [Worker-77] INFO  o.e.m.c.i.embedder.EclipseLogger - Using 'UTF-8' encoding to copy filtered resources.
2017-08-01 09:41:21,761 [Worker-77] INFO  o.e.m.c.i.embedder.EclipseLogger - skip non existing resourceDirectory D:\sw-tools\STS\translateit2testi\TranslateIT2v4\src\test\resources
2017-08-01 09:45:30,510 [Worker-69] INFO  o.e.m.c.i.embedder.EclipseLogger - Using 'UTF-8' encoding to copy filtered resources.
2017-08-01 09:45:30,510 [Worker-69] INFO  o.e.m.c.i.embedder.EclipseLogger - Copying 3 resources
2017-08-01 09:45:30,510 [Worker-69] INFO  o.e.m.c.i.embedder.EclipseLogger - Copying 17 resources
2017-08-01 09:45:30,510 [Worker-69] INFO  o.e.m.c.i.embedder.EclipseLogger - Using 'UTF-8' encoding to copy filtered resources.
2017-08-01 09:45:30,510 [Worker-69] INFO  o.e.m.c.i.embedder.EclipseLogger - skip non existing resourceDirectory D:\sw-tools\STS\translateit2testi\TranslateIT2v4\src\test\resources
2017-08-01 09:47:33,839 [Worker-86] INFO  o.e.m.c.i.embedder.EclipseLogger - Using 'UTF-8' encoding to copy filtered resources.
2017-08-01 09:47:33,839 [Worker-86] INFO  o.e.m.c.i.embedder.EclipseLogger - Copying 3 resources
2017-08-01 09:47:33,839 [Worker-86] INFO  o.e.m.c.i.embedder.EclipseLogger - Copying 17 resources
2017-08-01 09:47:33,839 [Worker-86] INFO  o.e.m.c.i.embedder.EclipseLogger - Using 'UTF-8' encoding to copy filtered resources.
2017-08-01 09:47:33,839 [Worker-86] INFO  o.e.m.c.i.embedder.EclipseLogger - skip non existing resourceDirectory D:\sw-tools\STS\translateit2testi\TranslateIT2v4\src\test\resources
2017-08-01 09:48:32,123 [Worker-83] INFO  o.e.m.c.i.embedder.EclipseLogger - Using 'UTF-8' encoding to copy filtered resources.
2017-08-01 09:48:32,123 [Worker-83] INFO  o.e.m.c.i.embedder.EclipseLogger - Copying 3 resources
2017-08-01 09:48:32,123 [Worker-83] INFO  o.e.m.c.i.embedder.EclipseLogger - Copying 17 resources
2017-08-01 09:48:32,123 [Worker-83] INFO  o.e.m.c.i.embedder.EclipseLogger - Using 'UTF-8' encoding to copy filtered resources.
2017-08-01 09:48:32,123 [Worker-83] INFO  o.e.m.c.i.embedder.EclipseLogger - skip non existing resourceDirectory D:\sw-tools\STS\translateit2testi\TranslateIT2v4\src\test\resources
2017-08-01 09:51:03,000 [Worker-85] INFO  o.e.m.c.i.embedder.EclipseLogger - Using 'UTF-8' encoding to copy filtered resources.
2017-08-01 09:51:03,000 [Worker-85] INFO  o.e.m.c.i.embedder.EclipseLogger - Copying 0 resource
2017-08-01 09:51:03,015 [Worker-85] INFO  o.e.m.c.i.embedder.EclipseLogger - Copying 0 resource
2017-08-01 09:51:03,015 [Worker-85] INFO  o.e.m.c.i.embedder.EclipseLogger - Using 'UTF-8' encoding to copy filtered resources.
2017-08-01 09:51:03,015 [Worker-85] INFO  o.e.m.c.i.embedder.EclipseLogger - skip non existing resourceDirectory D:\sw-tools\STS\translateit2testi\TranslateIT2v4\src\test\resources
2017-08-01 09:56:02,623 [Worker-89] INFO  o.e.m.c.i.embedder.EclipseLogger - Using 'UTF-8' encoding to copy filtered resources.
2017-08-01 09:56:02,623 [Worker-89] INFO  o.e.m.c.i.embedder.EclipseLogger - Copying 3 resources
2017-08-01 09:56:02,623 [Worker-89] INFO  o.e.m.c.i.embedder.EclipseLogger - Copying 17 resources
2017-08-01 09:56:02,639 [Worker-89] INFO  o.e.m.c.i.embedder.EclipseLogger - Using 'UTF-8' encoding to copy filtered resources.
2017-08-01 09:56:02,639 [Worker-89] INFO  o.e.m.c.i.embedder.EclipseLogger - skip non existing resourceDirectory D:\sw-tools\STS\translateit2testi\TranslateIT2v4\src\test\resources
2017-08-01 09:57:10,376 [Worker-94] INFO  o.e.m.c.i.embedder.EclipseLogger - Using 'UTF-8' encoding to copy filtered resources.
2017-08-01 09:57:10,376 [Worker-94] INFO  o.e.m.c.i.embedder.EclipseLogger - Copying 3 resources
2017-08-01 09:57:10,376 [Worker-94] INFO  o.e.m.c.i.embedder.EclipseLogger - Copying 17 resources
2017-08-01 09:57:10,392 [Worker-94] INFO  o.e.m.c.i.embedder.EclipseLogger - Using 'UTF-8' encoding to copy filtered resources.
2017-08-01 09:57:10,392 [Worker-94] INFO  o.e.m.c.i.embedder.EclipseLogger - skip non existing resourceDirectory D:\sw-tools\STS\translateit2testi\TranslateIT2v4\src\test\resources
2017-08-01 10:05:27,899 [Worker-92] INFO  o.e.m.c.i.embedder.EclipseLogger - Using 'UTF-8' encoding to copy filtered resources.
2017-08-01 10:05:27,899 [Worker-92] INFO  o.e.m.c.i.embedder.EclipseLogger - Copying 3 resources
2017-08-01 10:05:27,899 [Worker-92] INFO  o.e.m.c.i.embedder.EclipseLogger - Copying 17 resources
2017-08-01 10:05:27,899 [Worker-92] INFO  o.e.m.c.i.embedder.EclipseLogger - Using 'UTF-8' encoding to copy filtered resources.
2017-08-01 10:05:27,899 [Worker-92] INFO  o.e.m.c.i.embedder.EclipseLogger - skip non existing resourceDirectory D:\sw-tools\STS\translateit2testi\TranslateIT2v4\src\test\resources
2017-08-01 10:05:49,798 [Worker-94] INFO  o.e.m.c.i.embedder.EclipseLogger - Using 'UTF-8' encoding to copy filtered resources.
2017-08-01 10:05:49,798 [Worker-94] INFO  o.e.m.c.i.embedder.EclipseLogger - Copying 3 resources
2017-08-01 10:05:49,798 [Worker-94] INFO  o.e.m.c.i.embedder.EclipseLogger - Copying 17 resources
2017-08-01 10:05:49,798 [Worker-94] INFO  o.e.m.c.i.embedder.EclipseLogger - Using 'UTF-8' encoding to copy filtered resources.
2017-08-01 10:05:49,798 [Worker-94] INFO  o.e.m.c.i.embedder.EclipseLogger - skip non existing resourceDirectory D:\sw-tools\STS\translateit2testi\TranslateIT2v4\src\test\resources
2017-08-01 10:13:20,179 [Worker-104] INFO  o.e.m.c.i.embedder.EclipseLogger - Using 'UTF-8' encoding to copy filtered resources.
2017-08-01 10:13:20,179 [Worker-104] INFO  o.e.m.c.i.embedder.EclipseLogger - Copying 3 resources
2017-08-01 10:13:20,179 [Worker-104] INFO  o.e.m.c.i.embedder.EclipseLogger - Copying 17 resources
2017-08-01 10:13:20,179 [Worker-104] INFO  o.e.m.c.i.embedder.EclipseLogger - Using 'UTF-8' encoding to copy filtered resources.
2017-08-01 10:13:20,179 [Worker-104] INFO  o.e.m.c.i.embedder.EclipseLogger - skip non existing resourceDirectory D:\sw-tools\STS\translateit2testi\TranslateIT2v4\src\test\resources
2017-08-01 10:14:34,271 [Worker-110] INFO  o.e.m.c.i.embedder.EclipseLogger - Using 'UTF-8' encoding to copy filtered resources.
2017-08-01 10:14:34,271 [Worker-110] INFO  o.e.m.c.i.embedder.EclipseLogger - Copying 3 resources
2017-08-01 10:14:34,271 [Worker-110] INFO  o.e.m.c.i.embedder.EclipseLogger - Copying 17 resources
2017-08-01 10:14:34,271 [Worker-110] INFO  o.e.m.c.i.embedder.EclipseLogger - Using 'UTF-8' encoding to copy filtered resources.
2017-08-01 10:14:34,271 [Worker-110] INFO  o.e.m.c.i.embedder.EclipseLogger - skip non existing resourceDirectory D:\sw-tools\STS\translateit2testi\TranslateIT2v4\src\test\resources
2017-08-01 10:17:27,858 [Worker-113] INFO  o.e.m.c.i.embedder.EclipseLogger - Using 'UTF-8' encoding to copy filtered resources.
2017-08-01 10:17:27,858 [Worker-113] INFO  o.e.m.c.i.embedder.EclipseLogger - Copying 3 resources
2017-08-01 10:17:27,858 [Worker-113] INFO  o.e.m.c.i.embedder.EclipseLogger - Copying 17 resources
2017-08-01 10:17:27,858 [Worker-113] INFO  o.e.m.c.i.embedder.EclipseLogger - Using 'UTF-8' encoding to copy filtered resources.
2017-08-01 10:17:27,858 [Worker-113] INFO  o.e.m.c.i.embedder.EclipseLogger - skip non existing resourceDirectory D:\sw-tools\STS\translateit2testi\TranslateIT2v4\src\test\resources
2017-08-01 10:18:39,080 [Worker-106] INFO  o.e.m.c.i.embedder.EclipseLogger - Using 'UTF-8' encoding to copy filtered resources.
2017-08-01 10:18:39,080 [Worker-106] INFO  o.e.m.c.i.embedder.EclipseLogger - Copying 0 resource
2017-08-01 10:18:39,080 [Worker-106] INFO  o.e.m.c.i.embedder.EclipseLogger - Copying 0 resource
2017-08-01 10:18:39,096 [Worker-106] INFO  o.e.m.c.i.embedder.EclipseLogger - Using 'UTF-8' encoding to copy filtered resources.
2017-08-01 10:18:39,096 [Worker-106] INFO  o.e.m.c.i.embedder.EclipseLogger - skip non existing resourceDirectory D:\sw-tools\STS\translateit2testi\TranslateIT2v4\src\test\resources
2017-08-01 10:20:45,499 [Worker-109] INFO  o.e.m.c.i.embedder.EclipseLogger - Using 'UTF-8' encoding to copy filtered resources.
2017-08-01 10:20:45,499 [Worker-109] INFO  o.e.m.c.i.embedder.EclipseLogger - Copying 3 resources
2017-08-01 10:20:45,514 [Worker-109] INFO  o.e.m.c.i.embedder.EclipseLogger - Copying 17 resources
2017-08-01 10:20:45,514 [Worker-109] INFO  o.e.m.c.i.embedder.EclipseLogger - Using 'UTF-8' encoding to copy filtered resources.
2017-08-01 10:20:45,514 [Worker-109] INFO  o.e.m.c.i.embedder.EclipseLogger - skip non existing resourceDirectory D:\sw-tools\STS\translateit2testi\TranslateIT2v4\src\test\resources
2017-08-01 10:22:13,559 [Worker-119] INFO  o.e.m.c.i.embedder.EclipseLogger - Using 'UTF-8' encoding to copy filtered resources.
2017-08-01 10:22:13,560 [Worker-119] INFO  o.e.m.c.i.embedder.EclipseLogger - Copying 3 resources
2017-08-01 10:22:13,563 [Worker-119] INFO  o.e.m.c.i.embedder.EclipseLogger - Copying 17 resources
2017-08-01 10:22:13,565 [Worker-119] INFO  o.e.m.c.i.embedder.EclipseLogger - Using 'UTF-8' encoding to copy filtered resources.
2017-08-01 10:22:13,565 [Worker-119] INFO  o.e.m.c.i.embedder.EclipseLogger - skip non existing resourceDirectory D:\sw-tools\STS\translateit2testi\TranslateIT2v4\src\test\resources
2017-08-01 10:23:16,339 [Worker-115] INFO  o.e.m.c.i.embedder.EclipseLogger - Using 'UTF-8' encoding to copy filtered resources.
2017-08-01 10:23:16,339 [Worker-115] INFO  o.e.m.c.i.embedder.EclipseLogger - Copying 3 resources
2017-08-01 10:23:16,339 [Worker-115] INFO  o.e.m.c.i.embedder.EclipseLogger - Copying 17 resources
2017-08-01 10:23:16,339 [Worker-115] INFO  o.e.m.c.i.embedder.EclipseLogger - Using 'UTF-8' encoding to copy filtered resources.
2017-08-01 10:23:16,339 [Worker-115] INFO  o.e.m.c.i.embedder.EclipseLogger - skip non existing resourceDirectory D:\sw-tools\STS\translateit2testi\TranslateIT2v4\src\test\resources
2017-08-01 10:24:00,067 [Worker-121] INFO  o.e.m.c.i.embedder.EclipseLogger - Using 'UTF-8' encoding to copy filtered resources.
2017-08-01 10:24:00,068 [Worker-121] INFO  o.e.m.c.i.embedder.EclipseLogger - Copying 3 resources
2017-08-01 10:24:00,071 [Worker-121] INFO  o.e.m.c.i.embedder.EclipseLogger - Copying 17 resources
2017-08-01 10:24:00,073 [Worker-121] INFO  o.e.m.c.i.embedder.EclipseLogger - Using 'UTF-8' encoding to copy filtered resources.
2017-08-01 10:24:00,073 [Worker-121] INFO  o.e.m.c.i.embedder.EclipseLogger - skip non existing resourceDirectory D:\sw-tools\STS\translateit2testi\TranslateIT2v4\src\test\resources
2017-08-01 10:28:52,532 [Worker-122] INFO  o.e.m.c.i.embedder.EclipseLogger - Using 'UTF-8' encoding to copy filtered resources.
2017-08-01 10:28:52,532 [Worker-122] INFO  o.e.m.c.i.embedder.EclipseLogger - Copying 0 resource
2017-08-01 10:28:52,532 [Worker-122] INFO  o.e.m.c.i.embedder.EclipseLogger - Copying 0 resource
2017-08-01 10:28:52,532 [Worker-122] INFO  o.e.m.c.i.embedder.EclipseLogger - Using 'UTF-8' encoding to copy filtered resources.
2017-08-01 10:28:52,532 [Worker-122] INFO  o.e.m.c.i.embedder.EclipseLogger - skip non existing resourceDirectory D:\sw-tools\STS\translateit2testi\TranslateIT2v4\src\test\resources
2017-08-01 10:29:27,466 [Worker-125] INFO  o.e.m.c.i.embedder.EclipseLogger - Using 'UTF-8' encoding to copy filtered resources.
2017-08-01 10:29:27,466 [Worker-125] INFO  o.e.m.c.i.embedder.EclipseLogger - Copying 3 resources
2017-08-01 10:29:27,466 [Worker-125] INFO  o.e.m.c.i.embedder.EclipseLogger - Copying 17 resources
2017-08-01 10:29:27,466 [Worker-125] INFO  o.e.m.c.i.embedder.EclipseLogger - Using 'UTF-8' encoding to copy filtered resources.
2017-08-01 10:29:27,466 [Worker-125] INFO  o.e.m.c.i.embedder.EclipseLogger - skip non existing resourceDirectory D:\sw-tools\STS\translateit2testi\TranslateIT2v4\src\test\resources
2017-08-01 10:29:28,532 [Worker-128] INFO  o.e.m.c.i.embedder.EclipseLogger - Using 'UTF-8' encoding to copy filtered resources.
2017-08-01 10:29:28,532 [Worker-128] INFO  o.e.m.c.i.embedder.EclipseLogger - Copying 0 resource
2017-08-01 10:29:28,532 [Worker-128] INFO  o.e.m.c.i.embedder.EclipseLogger - Copying 0 resource
2017-08-01 10:29:28,532 [Worker-128] INFO  o.e.m.c.i.embedder.EclipseLogger - Using 'UTF-8' encoding to copy filtered resources.
2017-08-01 10:29:28,532 [Worker-128] INFO  o.e.m.c.i.embedder.EclipseLogger - skip non existing resourceDirectory D:\sw-tools\STS\translateit2testi\TranslateIT2v4\src\test\resources
2017-08-01 10:53:57,771 [Worker-9] INFO  o.e.m.c.i.embedder.EclipseLogger - Using 'UTF-8' encoding to copy filtered resources.
2017-08-01 10:53:57,777 [Worker-9] INFO  o.e.m.c.i.embedder.EclipseLogger - Copying 3 resources
2017-08-01 10:53:57,788 [Worker-9] INFO  o.e.m.c.i.embedder.EclipseLogger - Copying 17 resources
2017-08-01 10:53:57,788 [Worker-9] INFO  o.e.m.c.i.embedder.EclipseLogger - Using 'UTF-8' encoding to copy filtered resources.
2017-08-01 10:53:57,788 [Worker-9] INFO  o.e.m.c.i.embedder.EclipseLogger - skip non existing resourceDirectory D:\sw-tools\STS\translateit2testi\TranslateIT2v4\src\test\resources
2017-08-01 10:54:02,415 [Worker-16] WARN  o.e.m.c.i.embedder.EclipseLogger - Using platform encoding (Cp1252 actually) to copy filtered resources, i.e. build is platform dependent!
2017-08-01 10:54:02,415 [Worker-16] INFO  o.e.m.c.i.embedder.EclipseLogger - Copying 1 resource
2017-08-01 10:54:02,431 [Worker-16] WARN  o.e.m.c.i.embedder.EclipseLogger - Using platform encoding (Cp1252 actually) to copy filtered resources, i.e. build is platform dependent!
2017-08-01 10:54:02,431 [Worker-16] INFO  o.e.m.c.i.embedder.EclipseLogger - Copying 1 resource
2017-08-01 10:54:04,029 [Worker-3] INFO  o.e.m.c.i.embedder.EclipseLogger - Using 'UTF-8' encoding to copy filtered resources.
2017-08-01 10:54:04,029 [Worker-3] INFO  o.e.m.c.i.embedder.EclipseLogger - Copying 0 resource
2017-08-01 10:54:04,029 [Worker-3] INFO  o.e.m.c.i.embedder.EclipseLogger - Copying 0 resource
2017-08-01 10:54:04,044 [Worker-3] INFO  o.e.m.c.i.embedder.EclipseLogger - Using 'UTF-8' encoding to copy filtered resources.
2017-08-01 10:54:04,044 [Worker-3] INFO  o.e.m.c.i.embedder.EclipseLogger - skip non existing resourceDirectory D:\sw-tools\STS\translateit2testi\TranslateIT2v4\src\test\resources
2017-08-01 10:55:06,813 [Worker-1] INFO  o.e.m.c.i.embedder.EclipseLogger - Using 'UTF-8' encoding to copy filtered resources.
2017-08-01 10:55:06,829 [Worker-1] INFO  o.e.m.c.i.embedder.EclipseLogger - Copying 3 resources
2017-08-01 10:55:06,829 [Worker-1] INFO  o.e.m.c.i.embedder.EclipseLogger - Copying 17 resources
2017-08-01 10:55:06,829 [Worker-1] INFO  o.e.m.c.i.embedder.EclipseLogger - Using 'UTF-8' encoding to copy filtered resources.
2017-08-01 10:55:06,829 [Worker-1] INFO  o.e.m.c.i.embedder.EclipseLogger - skip non existing resourceDirectory D:\sw-tools\STS\translateit2testi\TranslateIT2v4\src\test\resources
2017-08-01 10:55:35,420 [Worker-15] INFO  o.e.m.c.i.embedder.EclipseLogger - Using 'UTF-8' encoding to copy filtered resources.
2017-08-01 10:55:35,420 [Worker-15] INFO  o.e.m.c.i.embedder.EclipseLogger - Copying 3 resources
2017-08-01 10:55:35,420 [Worker-15] INFO  o.e.m.c.i.embedder.EclipseLogger - Copying 17 resources
2017-08-01 10:55:35,420 [Worker-15] INFO  o.e.m.c.i.embedder.EclipseLogger - Using 'UTF-8' encoding to copy filtered resources.
2017-08-01 10:55:35,420 [Worker-15] INFO  o.e.m.c.i.embedder.EclipseLogger - skip non existing resourceDirectory D:\sw-tools\STS\translateit2testi\TranslateIT2v4\src\test\resources
2017-08-01 10:56:19,864 [Worker-4] INFO  o.e.m.c.i.embedder.EclipseLogger - Using 'UTF-8' encoding to copy filtered resources.
2017-08-01 10:56:19,864 [Worker-4] INFO  o.e.m.c.i.embedder.EclipseLogger - Copying 3 resources
2017-08-01 10:56:19,864 [Worker-4] INFO  o.e.m.c.i.embedder.EclipseLogger - Copying 17 resources
2017-08-01 10:56:19,864 [Worker-4] INFO  o.e.m.c.i.embedder.EclipseLogger - Using 'UTF-8' encoding to copy filtered resources.
2017-08-01 10:56:19,864 [Worker-4] INFO  o.e.m.c.i.embedder.EclipseLogger - skip non existing resourceDirectory D:\sw-tools\STS\translateit2testi\TranslateIT2v4\src\test\resources
2017-08-01 10:56:44,322 [Worker-16] INFO  o.e.m.c.i.embedder.EclipseLogger - Using 'UTF-8' encoding to copy filtered resources.
2017-08-01 10:56:44,322 [Worker-16] INFO  o.e.m.c.i.embedder.EclipseLogger - Copying 3 resources
2017-08-01 10:56:44,322 [Worker-16] INFO  o.e.m.c.i.embedder.EclipseLogger - Copying 17 resources
2017-08-01 10:56:44,322 [Worker-16] INFO  o.e.m.c.i.embedder.EclipseLogger - Using 'UTF-8' encoding to copy filtered resources.
2017-08-01 10:56:44,322 [Worker-16] INFO  o.e.m.c.i.embedder.EclipseLogger - skip non existing resourceDirectory D:\sw-tools\STS\translateit2testi\TranslateIT2v4\src\test\resources
2017-08-01 10:57:39,720 [Worker-0] INFO  o.e.m.c.i.embedder.EclipseLogger - Using 'UTF-8' encoding to copy filtered resources.
2017-08-01 10:57:39,721 [Worker-0] INFO  o.e.m.c.i.embedder.EclipseLogger - Copying 3 resources
2017-08-01 10:57:39,724 [Worker-0] INFO  o.e.m.c.i.embedder.EclipseLogger - Copying 17 resources
2017-08-01 10:57:39,729 [Worker-0] INFO  o.e.m.c.i.embedder.EclipseLogger - Using 'UTF-8' encoding to copy filtered resources.
2017-08-01 10:57:39,729 [Worker-0] INFO  o.e.m.c.i.embedder.EclipseLogger - skip non existing resourceDirectory D:\sw-tools\STS\translateit2testi\TranslateIT2v4\src\test\resources
2017-08-01 10:58:27,123 [Worker-11] INFO  o.e.m.c.i.embedder.EclipseLogger - Using 'UTF-8' encoding to copy filtered resources.
2017-08-01 10:58:27,123 [Worker-11] INFO  o.e.m.c.i.embedder.EclipseLogger - Copying 3 resources
2017-08-01 10:58:27,123 [Worker-11] INFO  o.e.m.c.i.embedder.EclipseLogger - Copying 17 resources
2017-08-01 10:58:27,139 [Worker-11] INFO  o.e.m.c.i.embedder.EclipseLogger - Using 'UTF-8' encoding to copy filtered resources.
2017-08-01 10:58:27,139 [Worker-11] INFO  o.e.m.c.i.embedder.EclipseLogger - skip non existing resourceDirectory D:\sw-tools\STS\translateit2testi\TranslateIT2v4\src\test\resources
2017-08-01 10:59:25,662 [Worker-14] INFO  o.e.m.c.i.embedder.EclipseLogger - Using 'UTF-8' encoding to copy filtered resources.
2017-08-01 10:59:25,662 [Worker-14] INFO  o.e.m.c.i.embedder.EclipseLogger - Copying 0 resource
2017-08-01 10:59:25,662 [Worker-14] INFO  o.e.m.c.i.embedder.EclipseLogger - Copying 0 resource
2017-08-01 10:59:25,662 [Worker-14] INFO  o.e.m.c.i.embedder.EclipseLogger - Using 'UTF-8' encoding to copy filtered resources.
2017-08-01 10:59:25,662 [Worker-14] INFO  o.e.m.c.i.embedder.EclipseLogger - skip non existing resourceDirectory D:\sw-tools\STS\translateit2testi\TranslateIT2v4\src\test\resources
2017-08-01 11:21:50,340 [Worker-25] INFO  o.e.m.c.i.embedder.EclipseLogger - Using 'UTF-8' encoding to copy filtered resources.
2017-08-01 11:21:50,341 [Worker-25] INFO  o.e.m.c.i.embedder.EclipseLogger - Copying 3 resources
2017-08-01 11:21:50,342 [Worker-25] INFO  o.e.m.c.i.embedder.EclipseLogger - Copying 17 resources
2017-08-01 11:21:50,345 [Worker-25] INFO  o.e.m.c.i.embedder.EclipseLogger - Using 'UTF-8' encoding to copy filtered resources.
2017-08-01 11:21:50,345 [Worker-25] INFO  o.e.m.c.i.embedder.EclipseLogger - skip non existing resourceDirectory D:\sw-tools\STS\translateit2testi\TranslateIT2v4\src\test\resources
2017-08-01 11:23:48,256 [Worker-25] INFO  o.e.m.c.i.embedder.EclipseLogger - Using 'UTF-8' encoding to copy filtered resources.
2017-08-01 11:23:48,256 [Worker-25] INFO  o.e.m.c.i.embedder.EclipseLogger - Copying 0 resource
2017-08-01 11:23:48,256 [Worker-25] INFO  o.e.m.c.i.embedder.EclipseLogger - Copying 0 resource
2017-08-01 11:23:48,259 [Worker-25] INFO  o.e.m.c.i.embedder.EclipseLogger - Using 'UTF-8' encoding to copy filtered resources.
2017-08-01 11:23:48,260 [Worker-25] INFO  o.e.m.c.i.embedder.EclipseLogger - skip non existing resourceDirectory D:\sw-tools\STS\translateit2testi\TranslateIT2v4\src\test\resources
2017-08-01 11:24:29,032 [Worker-27] INFO  o.e.m.c.i.embedder.EclipseLogger - Using 'UTF-8' encoding to copy filtered resources.
2017-08-01 11:24:29,032 [Worker-27] INFO  o.e.m.c.i.embedder.EclipseLogger - Copying 0 resource
2017-08-01 11:24:29,032 [Worker-27] INFO  o.e.m.c.i.embedder.EclipseLogger - Copying 0 resource
2017-08-01 11:24:29,048 [Worker-27] INFO  o.e.m.c.i.embedder.EclipseLogger - Using 'UTF-8' encoding to copy filtered resources.
2017-08-01 11:24:29,048 [Worker-27] INFO  o.e.m.c.i.embedder.EclipseLogger - skip non existing resourceDirectory D:\sw-tools\STS\translateit2testi\TranslateIT2v4\src\test\resources
2017-08-01 11:25:26,527 [Worker-21] INFO  o.e.m.c.i.embedder.EclipseLogger - Using 'UTF-8' encoding to copy filtered resources.
2017-08-01 11:25:26,527 [Worker-21] INFO  o.e.m.c.i.embedder.EclipseLogger - Copying 3 resources
2017-08-01 11:25:26,527 [Worker-21] INFO  o.e.m.c.i.embedder.EclipseLogger - Copying 17 resources
2017-08-01 11:25:26,543 [Worker-21] INFO  o.e.m.c.i.embedder.EclipseLogger - Using 'UTF-8' encoding to copy filtered resources.
2017-08-01 11:25:26,543 [Worker-21] INFO  o.e.m.c.i.embedder.EclipseLogger - skip non existing resourceDirectory D:\sw-tools\STS\translateit2testi\TranslateIT2v4\src\test\resources
2017-08-01 11:27:41,691 [Worker-24] INFO  o.e.m.c.i.embedder.EclipseLogger - Using 'UTF-8' encoding to copy filtered resources.
2017-08-01 11:27:41,691 [Worker-24] INFO  o.e.m.c.i.embedder.EclipseLogger - Copying 3 resources
2017-08-01 11:27:41,691 [Worker-24] INFO  o.e.m.c.i.embedder.EclipseLogger - Copying 17 resources
2017-08-01 11:27:41,691 [Worker-24] INFO  o.e.m.c.i.embedder.EclipseLogger - Using 'UTF-8' encoding to copy filtered resources.
2017-08-01 11:27:41,691 [Worker-24] INFO  o.e.m.c.i.embedder.EclipseLogger - skip non existing resourceDirectory D:\sw-tools\STS\translateit2testi\TranslateIT2v4\src\test\resources
2017-08-01 11:33:09,457 [Worker-36] INFO  o.e.m.c.i.embedder.EclipseLogger - Using 'UTF-8' encoding to copy filtered resources.
2017-08-01 11:33:09,457 [Worker-36] INFO  o.e.m.c.i.embedder.EclipseLogger - Copying 3 resources
2017-08-01 11:33:09,457 [Worker-36] INFO  o.e.m.c.i.embedder.EclipseLogger - Copying 17 resources
2017-08-01 11:33:09,473 [Worker-36] INFO  o.e.m.c.i.embedder.EclipseLogger - Using 'UTF-8' encoding to copy filtered resources.
2017-08-01 11:33:09,473 [Worker-36] INFO  o.e.m.c.i.embedder.EclipseLogger - skip non existing resourceDirectory D:\sw-tools\STS\translateit2testi\TranslateIT2v4\src\test\resources
2017-08-01 11:35:59,577 [Worker-33] INFO  o.e.m.c.i.embedder.EclipseLogger - Using 'UTF-8' encoding to copy filtered resources.
2017-08-01 11:35:59,577 [Worker-33] INFO  o.e.m.c.i.embedder.EclipseLogger - Copying 3 resources
2017-08-01 11:35:59,577 [Worker-33] INFO  o.e.m.c.i.embedder.EclipseLogger - Copying 17 resources
2017-08-01 11:35:59,577 [Worker-33] INFO  o.e.m.c.i.embedder.EclipseLogger - Using 'UTF-8' encoding to copy filtered resources.
2017-08-01 11:35:59,577 [Worker-33] INFO  o.e.m.c.i.embedder.EclipseLogger - skip non existing resourceDirectory D:\sw-tools\STS\translateit2testi\TranslateIT2v4\src\test\resources
2017-08-01 11:40:10,961 [Worker-33] INFO  o.e.m.c.i.embedder.EclipseLogger - Using 'UTF-8' encoding to copy filtered resources.
2017-08-01 11:40:10,962 [Worker-33] INFO  o.e.m.c.i.embedder.EclipseLogger - Copying 3 resources
2017-08-01 11:40:10,964 [Worker-33] INFO  o.e.m.c.i.embedder.EclipseLogger - Copying 17 resources
2017-08-01 11:40:10,965 [Worker-33] INFO  o.e.m.c.i.embedder.EclipseLogger - Using 'UTF-8' encoding to copy filtered resources.
2017-08-01 11:40:10,966 [Worker-33] INFO  o.e.m.c.i.embedder.EclipseLogger - skip non existing resourceDirectory D:\sw-tools\STS\translateit2testi\TranslateIT2v4\src\test\resources
2017-08-01 11:40:36,916 [Worker-32] INFO  o.e.m.c.i.embedder.EclipseLogger - Using 'UTF-8' encoding to copy filtered resources.
2017-08-01 11:40:36,916 [Worker-32] INFO  o.e.m.c.i.embedder.EclipseLogger - Copying 3 resources
2017-08-01 11:40:36,916 [Worker-32] INFO  o.e.m.c.i.embedder.EclipseLogger - Copying 17 resources
2017-08-01 11:40:36,916 [Worker-32] INFO  o.e.m.c.i.embedder.EclipseLogger - Using 'UTF-8' encoding to copy filtered resources.
2017-08-01 11:40:36,916 [Worker-32] INFO  o.e.m.c.i.embedder.EclipseLogger - skip non existing resourceDirectory D:\sw-tools\STS\translateit2testi\TranslateIT2v4\src\test\resources
2017-08-01 11:40:52,454 [Worker-33] INFO  o.e.m.c.i.embedder.EclipseLogger - Using 'UTF-8' encoding to copy filtered resources.
2017-08-01 11:40:52,454 [Worker-33] INFO  o.e.m.c.i.embedder.EclipseLogger - Copying 0 resource
2017-08-01 11:40:52,454 [Worker-33] INFO  o.e.m.c.i.embedder.EclipseLogger - Copying 0 resource
2017-08-01 11:40:52,454 [Worker-33] INFO  o.e.m.c.i.embedder.EclipseLogger - Using 'UTF-8' encoding to copy filtered resources.
2017-08-01 11:40:52,454 [Worker-33] INFO  o.e.m.c.i.embedder.EclipseLogger - skip non existing resourceDirectory D:\sw-tools\STS\translateit2testi\TranslateIT2v4\src\test\resources
2017-08-01 11:42:54,601 [Worker-41] INFO  o.e.m.c.i.embedder.EclipseLogger - Using 'UTF-8' encoding to copy filtered resources.
2017-08-01 11:42:54,601 [Worker-41] INFO  o.e.m.c.i.embedder.EclipseLogger - Copying 3 resources
2017-08-01 11:42:54,601 [Worker-41] INFO  o.e.m.c.i.embedder.EclipseLogger - Copying 17 resources
2017-08-01 11:42:54,617 [Worker-41] INFO  o.e.m.c.i.embedder.EclipseLogger - Using 'UTF-8' encoding to copy filtered resources.
2017-08-01 11:42:54,617 [Worker-41] INFO  o.e.m.c.i.embedder.EclipseLogger - skip non existing resourceDirectory D:\sw-tools\STS\translateit2testi\TranslateIT2v4\src\test\resources
2017-08-01 11:44:49,078 [Worker-35] INFO  o.e.m.c.i.embedder.EclipseLogger - Using 'UTF-8' encoding to copy filtered resources.
2017-08-01 11:44:49,079 [Worker-35] INFO  o.e.m.c.i.embedder.EclipseLogger - Copying 3 resources
2017-08-01 11:44:49,081 [Worker-35] INFO  o.e.m.c.i.embedder.EclipseLogger - Copying 17 resources
2017-08-01 11:44:49,083 [Worker-35] INFO  o.e.m.c.i.embedder.EclipseLogger - Using 'UTF-8' encoding to copy filtered resources.
2017-08-01 11:44:49,083 [Worker-35] INFO  o.e.m.c.i.embedder.EclipseLogger - skip non existing resourceDirectory D:\sw-tools\STS\translateit2testi\TranslateIT2v4\src\test\resources
2017-08-01 11:45:06,376 [Worker-41] INFO  o.e.m.c.i.embedder.EclipseLogger - Using 'UTF-8' encoding to copy filtered resources.
2017-08-01 11:45:06,376 [Worker-41] INFO  o.e.m.c.i.embedder.EclipseLogger - Copying 0 resource
2017-08-01 11:45:06,376 [Worker-41] INFO  o.e.m.c.i.embedder.EclipseLogger - Copying 0 resource
2017-08-01 11:45:06,376 [Worker-41] INFO  o.e.m.c.i.embedder.EclipseLogger - Using 'UTF-8' encoding to copy filtered resources.
2017-08-01 11:45:06,376 [Worker-41] INFO  o.e.m.c.i.embedder.EclipseLogger - skip non existing resourceDirectory D:\sw-tools\STS\translateit2testi\TranslateIT2v4\src\test\resources
2017-08-01 12:01:19,894 [Worker-38] INFO  o.e.m.c.i.embedder.EclipseLogger - Using 'UTF-8' encoding to copy filtered resources.
2017-08-01 12:01:19,894 [Worker-38] INFO  o.e.m.c.i.embedder.EclipseLogger - Copying 3 resources
2017-08-01 12:01:19,894 [Worker-38] INFO  o.e.m.c.i.embedder.EclipseLogger - Copying 17 resources
2017-08-01 12:01:19,894 [Worker-38] INFO  o.e.m.c.i.embedder.EclipseLogger - Using 'UTF-8' encoding to copy filtered resources.
2017-08-01 12:01:19,894 [Worker-38] INFO  o.e.m.c.i.embedder.EclipseLogger - skip non existing resourceDirectory D:\sw-tools\STS\translateit2testi\TranslateIT2v4\src\test\resources
2017-08-01 12:03:34,040 [Worker-51] INFO  o.e.m.c.i.embedder.EclipseLogger - Using 'UTF-8' encoding to copy filtered resources.
2017-08-01 12:03:34,040 [Worker-51] INFO  o.e.m.c.i.embedder.EclipseLogger - Copying 3 resources
2017-08-01 12:03:34,040 [Worker-51] INFO  o.e.m.c.i.embedder.EclipseLogger - Copying 17 resources
2017-08-01 12:03:34,040 [Worker-51] INFO  o.e.m.c.i.embedder.EclipseLogger - Using 'UTF-8' encoding to copy filtered resources.
2017-08-01 12:03:34,040 [Worker-51] INFO  o.e.m.c.i.embedder.EclipseLogger - skip non existing resourceDirectory D:\sw-tools\STS\translateit2testi\TranslateIT2v4\src\test\resources
2017-08-01 12:08:57,402 [Worker-52] INFO  o.e.m.c.i.embedder.EclipseLogger - Using 'UTF-8' encoding to copy filtered resources.
2017-08-01 12:08:57,402 [Worker-52] INFO  o.e.m.c.i.embedder.EclipseLogger - Copying 3 resources
2017-08-01 12:08:57,458 [Worker-52] INFO  o.e.m.c.i.embedder.EclipseLogger - Copying 17 resources
2017-08-01 12:08:57,474 [Worker-52] INFO  o.e.m.c.i.embedder.EclipseLogger - Using 'UTF-8' encoding to copy filtered resources.
2017-08-01 12:08:57,474 [Worker-52] INFO  o.e.m.c.i.embedder.EclipseLogger - skip non existing resourceDirectory D:\sw-tools\STS\translateit2testi\TranslateIT2v4\src\test\resources
2017-08-01 12:33:08,856 [Worker-75] INFO  o.e.m.c.i.embedder.EclipseLogger - Using 'UTF-8' encoding to copy filtered resources.
2017-08-01 12:33:08,856 [Worker-75] INFO  o.e.m.c.i.embedder.EclipseLogger - Copying 3 resources
2017-08-01 12:33:08,872 [Worker-75] INFO  o.e.m.c.i.embedder.EclipseLogger - Copying 17 resources
2017-08-01 12:33:08,872 [Worker-75] INFO  o.e.m.c.i.embedder.EclipseLogger - Using 'UTF-8' encoding to copy filtered resources.
2017-08-01 12:33:08,872 [Worker-75] INFO  o.e.m.c.i.embedder.EclipseLogger - skip non existing resourceDirectory D:\sw-tools\STS\translateit2testi\TranslateIT2v4\src\test\resources
2017-08-01 12:38:33,101 [Worker-73] INFO  o.e.m.c.i.embedder.EclipseLogger - Using 'UTF-8' encoding to copy filtered resources.
2017-08-01 12:38:33,101 [Worker-73] INFO  o.e.m.c.i.embedder.EclipseLogger - Copying 3 resources
2017-08-01 12:38:33,101 [Worker-73] INFO  o.e.m.c.i.embedder.EclipseLogger - Copying 17 resources
2017-08-01 12:38:33,101 [Worker-73] INFO  o.e.m.c.i.embedder.EclipseLogger - Using 'UTF-8' encoding to copy filtered resources.
2017-08-01 12:38:33,101 [Worker-73] INFO  o.e.m.c.i.embedder.EclipseLogger - skip non existing resourceDirectory D:\sw-tools\STS\translateit2testi\TranslateIT2v4\src\test\resources
2017-08-01 12:40:25,381 [Worker-74] INFO  o.e.m.c.i.embedder.EclipseLogger - Using 'UTF-8' encoding to copy filtered resources.
2017-08-01 12:40:25,382 [Worker-74] INFO  o.e.m.c.i.embedder.EclipseLogger - Copying 0 resource
2017-08-01 12:40:25,383 [Worker-74] INFO  o.e.m.c.i.embedder.EclipseLogger - Copying 0 resource
2017-08-01 12:40:25,386 [Worker-74] INFO  o.e.m.c.i.embedder.EclipseLogger - Using 'UTF-8' encoding to copy filtered resources.
2017-08-01 12:40:25,386 [Worker-74] INFO  o.e.m.c.i.embedder.EclipseLogger - skip non existing resourceDirectory D:\sw-tools\STS\translateit2testi\TranslateIT2v4\src\test\resources
2017-08-01 12:43:29,979 [Worker-81] INFO  o.e.m.c.i.embedder.EclipseLogger - Using 'UTF-8' encoding to copy filtered resources.
2017-08-01 12:43:29,979 [Worker-81] INFO  o.e.m.c.i.embedder.EclipseLogger - Copying 3 resources
2017-08-01 12:43:29,995 [Worker-81] INFO  o.e.m.c.i.embedder.EclipseLogger - Copying 17 resources
2017-08-01 12:43:29,995 [Worker-81] INFO  o.e.m.c.i.embedder.EclipseLogger - Using 'UTF-8' encoding to copy filtered resources.
2017-08-01 12:43:29,995 [Worker-81] INFO  o.e.m.c.i.embedder.EclipseLogger - skip non existing resourceDirectory D:\sw-tools\STS\translateit2testi\TranslateIT2v4\src\test\resources
2017-08-01 12:45:42,338 [Worker-89] INFO  o.e.m.c.i.embedder.EclipseLogger - Using 'UTF-8' encoding to copy filtered resources.
2017-08-01 12:45:42,338 [Worker-89] INFO  o.e.m.c.i.embedder.EclipseLogger - Copying 3 resources
2017-08-01 12:45:42,338 [Worker-89] INFO  o.e.m.c.i.embedder.EclipseLogger - Copying 17 resources
2017-08-01 12:45:42,338 [Worker-89] INFO  o.e.m.c.i.embedder.EclipseLogger - Using 'UTF-8' encoding to copy filtered resources.
2017-08-01 12:45:42,338 [Worker-89] INFO  o.e.m.c.i.embedder.EclipseLogger - skip non existing resourceDirectory D:\sw-tools\STS\translateit2testi\TranslateIT2v4\src\test\resources
2017-08-01 12:54:37,195 [Worker-91] INFO  o.e.m.c.i.embedder.EclipseLogger - Using 'UTF-8' encoding to copy filtered resources.
2017-08-01 12:54:37,195 [Worker-91] INFO  o.e.m.c.i.embedder.EclipseLogger - Copying 0 resource
2017-08-01 12:54:37,195 [Worker-91] INFO  o.e.m.c.i.embedder.EclipseLogger - Copying 0 resource
2017-08-01 12:54:37,197 [Worker-91] INFO  o.e.m.c.i.embedder.EclipseLogger - Using 'UTF-8' encoding to copy filtered resources.
2017-08-01 12:54:37,197 [Worker-91] INFO  o.e.m.c.i.embedder.EclipseLogger - skip non existing resourceDirectory D:\sw-tools\STS\translateit2testi\TranslateIT2v4\src\test\resources
2017-08-01 12:56:16,614 [Worker-98] INFO  o.e.m.c.i.embedder.EclipseLogger - Using 'UTF-8' encoding to copy filtered resources.
2017-08-01 12:56:16,615 [Worker-98] INFO  o.e.m.c.i.embedder.EclipseLogger - Copying 3 resources
2017-08-01 12:56:16,617 [Worker-98] INFO  o.e.m.c.i.embedder.EclipseLogger - Copying 17 resources
2017-08-01 12:56:16,622 [Worker-98] INFO  o.e.m.c.i.embedder.EclipseLogger - Using 'UTF-8' encoding to copy filtered resources.
2017-08-01 12:56:16,622 [Worker-98] INFO  o.e.m.c.i.embedder.EclipseLogger - skip non existing resourceDirectory D:\sw-tools\STS\translateit2testi\TranslateIT2v4\src\test\resources
2017-08-01 13:05:03,616 [Worker-96] INFO  o.e.m.c.i.embedder.EclipseLogger - Using 'UTF-8' encoding to copy filtered resources.
2017-08-01 13:05:03,616 [Worker-96] INFO  o.e.m.c.i.embedder.EclipseLogger - Copying 0 resource
2017-08-01 13:05:03,617 [Worker-96] INFO  o.e.m.c.i.embedder.EclipseLogger - Copying 0 resource
2017-08-01 13:05:03,618 [Worker-96] INFO  o.e.m.c.i.embedder.EclipseLogger - Using 'UTF-8' encoding to copy filtered resources.
2017-08-01 13:05:03,618 [Worker-96] INFO  o.e.m.c.i.embedder.EclipseLogger - skip non existing resourceDirectory D:\sw-tools\STS\translateit2testi\TranslateIT2v4\src\test\resources
